<?xml version="1.0" encoding="UTF-8"?>
<!-- Generated by org.testng.reporters.JUnitReportReporter -->
<testsuite hostname="MSI" failures="10" tests="30" name="com.LibraryManagement.cucumber.Runner.RunnerTest" time="389.548" errors="0" timestamp="2025-07-29T17:44:15 IST" skipped="0">
  <testcase classname="com.LibraryManagement.cucumber.Runner.RunnerTest" name="runScenario" time="11.457"/>
  <testcase classname="com.LibraryManagement.cucumber.Runner.RunnerTest" name="runScenario" time="5.346"/>
  <testcase classname="com.LibraryManagement.cucumber.Runner.RunnerTest" name="runScenario" time="4.808"/>
  <testcase classname="com.LibraryManagement.cucumber.Runner.RunnerTest" name="runScenario" time="8.570"/>
  <testcase classname="com.LibraryManagement.cucumber.Runner.RunnerTest" name="runScenario" time="10.639">
    <failure message="expected [true] but found [false]" type="java.lang.AssertionError">
      <![CDATA[java.lang.AssertionError: expected [true] but found [false]
at org.testng.Assert.fail(Assert.java:111)
at org.testng.Assert.failNotEquals(Assert.java:1578)
at org.testng.Assert.assertTrue(Assert.java:57)
at org.testng.Assert.assertTrue(Assert.java:67)
at com.LibraryManagement.cucumber.stepDefinition.AdvancedBookSearchSteps.i_should_see_books_by_subject(AdvancedBookSearchSteps.java:101)
at ✽.I should see a table containing details of all the available books of the selected subject(file:///C:/Users/manna/git/Sprint-2/Sprint_2/src/test/java/com/LibraryManagement/cucumber/features/AdvancedBookSearch.feature:56)
]]>
    </failure>
  </testcase> <!-- runScenario -->
  <testcase classname="com.LibraryManagement.cucumber.Runner.RunnerTest" name="runScenario" time="10.442"/>
  <testcase classname="com.LibraryManagement.cucumber.Runner.RunnerTest" name="runScenario" time="10.060"/>
  <testcase classname="com.LibraryManagement.cucumber.Runner.RunnerTest" name="runScenario" time="5.573">
    <failure message="expected [true] but found [false]" type="java.lang.AssertionError">
      <![CDATA[java.lang.AssertionError: expected [true] but found [false]
at org.testng.Assert.fail(Assert.java:111)
at org.testng.Assert.failNotEquals(Assert.java:1578)
at org.testng.Assert.assertTrue(Assert.java:57)
at org.testng.Assert.assertTrue(Assert.java:67)
at com.LibraryManagement.cucumber.stepDefinition.MembershipSteps.duplicateErrorMessage(MembershipSteps.java:164)
at ✽.Error message should appear for duplicate number(file:///C:/Users/manna/git/Sprint-2/Sprint_2/src/test/java/com/LibraryManagement/cucumber/features/MemberShip.feature:102)
]]>
    </failure>
  </testcase> <!-- runScenario -->
  <testcase classname="com.LibraryManagement.cucumber.Runner.RunnerTest" name="runScenario" time="9.970">
    <failure message="expected [true] but found [false]" type="java.lang.AssertionError">
      <![CDATA[java.lang.AssertionError: expected [true] but found [false]
at org.testng.Assert.fail(Assert.java:111)
at org.testng.Assert.failNotEquals(Assert.java:1578)
at org.testng.Assert.assertTrue(Assert.java:57)
at org.testng.Assert.assertTrue(Assert.java:67)
at com.LibraryManagement.cucumber.stepDefinition.AdvancedBookSearchSteps.i_should_see_books_by_format(AdvancedBookSearchSteps.java:106)
at ✽.I should see a table containing details of all the available books of the selected book format(file:///C:/Users/manna/git/Sprint-2/Sprint_2/src/test/java/com/LibraryManagement/cucumber/features/AdvancedBookSearch.feature:63)
]]>
    </failure>
  </testcase> <!-- runScenario -->
  <testcase classname="com.LibraryManagement.cucumber.Runner.RunnerTest" name="runScenario" time="8.791">
    <failure message="expected:&lt;[Invalid email message not displayed]&gt; but was:&lt;[Mail Sent Successfully]&gt;" type="org.junit.ComparisonFailure">
      <![CDATA[org.junit.ComparisonFailure: expected:<[Invalid email message not displayed]> but was:<[Mail Sent Successfully]>
at org.junit.Assert.assertEquals(Assert.java:117)
at org.junit.Assert.assertEquals(Assert.java:146)
at com.LibraryManagement.cucumber.stepDefinition.ServiceSteps.verifyInvalidEmailMessage(ServiceSteps.java:79)
at ✽.I should see an error message for invalid email(file:///C:/Users/manna/git/Sprint-2/Sprint_2/src/test/java/com/LibraryManagement/cucumber/features/servicePage.feature:31)
]]>
    </failure>
  </testcase> <!-- runScenario -->
  <testcase classname="com.LibraryManagement.cucumber.Runner.RunnerTest" name="runScenario" time="23.179">
    <failure message="expected:&lt;[Invalid name message not displayed]&gt; but was:&lt;[Message Sent Successfully]&gt;" type="org.junit.ComparisonFailure">
      <![CDATA[org.junit.ComparisonFailure: expected:<[Invalid name message not displayed]> but was:<[Message Sent Successfully]>
at org.junit.Assert.assertEquals(Assert.java:117)
at org.junit.Assert.assertEquals(Assert.java:146)
at com.LibraryManagement.cucumber.stepDefinition.ServiceSteps.verifyInvalidNameMessage(ServiceSteps.java:109)
at ✽.I should see an error message for invalid name(file:///C:/Users/manna/git/Sprint-2/Sprint_2/src/test/java/com/LibraryManagement/cucumber/features/servicePage.feature:90)
]]>
    </failure>
  </testcase> <!-- runScenario -->
  <testcase classname="com.LibraryManagement.cucumber.Runner.RunnerTest" name="runScenario" time="9.675">
    <failure message="expected [true] but found [false]" type="java.lang.AssertionError">
      <![CDATA[java.lang.AssertionError: expected [true] but found [false]
at org.testng.Assert.fail(Assert.java:111)
at org.testng.Assert.failNotEquals(Assert.java:1578)
at org.testng.Assert.assertTrue(Assert.java:57)
at org.testng.Assert.assertTrue(Assert.java:67)
at com.LibraryManagement.cucumber.stepDefinition.AdvancedBookSearchSteps.i_should_see_books_by_author(AdvancedBookSearchSteps.java:96)
at ✽.I should see a table containing details of all the available books by the selected author(file:///C:/Users/manna/git/Sprint-2/Sprint_2/src/test/java/com/LibraryManagement/cucumber/features/AdvancedBookSearch.feature:49)
]]>
    </failure>
  </testcase> <!-- runScenario -->
  <testcase classname="com.LibraryManagement.cucumber.Runner.RunnerTest" name="runScenario" time="8.759"/>
  <testcase classname="com.LibraryManagement.cucumber.Runner.RunnerTest" name="runScenario" time="44.023"/>
  <testcase classname="com.LibraryManagement.cucumber.Runner.RunnerTest" name="runScenario" time="6.094"/>
  <testcase classname="com.LibraryManagement.cucumber.Runner.RunnerTest" name="runScenario" time="9.270">
    <failure message="expected:&lt;[Invalid phone message not displayed]&gt; but was:&lt;[Message Sent Successfully]&gt;" type="org.junit.ComparisonFailure">
      <![CDATA[org.junit.ComparisonFailure: expected:<[Invalid phone message not displayed]> but was:<[Message Sent Successfully]>
at org.junit.Assert.assertEquals(Assert.java:117)
at org.junit.Assert.assertEquals(Assert.java:146)
at com.LibraryManagement.cucumber.stepDefinition.ServiceSteps.verifyInvalidPhoneMessage(ServiceSteps.java:94)
at ✽.I should see an error message for invalid phone(file:///C:/Users/manna/git/Sprint-2/Sprint_2/src/test/java/com/LibraryManagement/cucumber/features/servicePage.feature:60)
]]>
    </failure>
  </testcase> <!-- runScenario -->
  <testcase classname="com.LibraryManagement.cucumber.Runner.RunnerTest" name="runScenario" time="4.804"/>
  <testcase classname="com.LibraryManagement.cucumber.Runner.RunnerTest" name="runScenario" time="4.906"/>
  <testcase classname="com.LibraryManagement.cucumber.Runner.RunnerTest" name="runScenario" time="12.564"/>
  <testcase classname="com.LibraryManagement.cucumber.Runner.RunnerTest" name="runScenario" time="7.991"/>
  <testcase classname="com.LibraryManagement.cucumber.Runner.RunnerTest" name="runScenario" time="5.109">
    <failure message="Card number field is not reset expected [] but found [LCN_004]" type="java.lang.AssertionError">
      <![CDATA[java.lang.AssertionError: Card number field is not reset expected [] but found [LCN_004]
at org.testng.Assert.fail(Assert.java:111)
at org.testng.Assert.failNotEquals(Assert.java:1578)
at org.testng.Assert.assertEqualsImpl(Assert.java:150)
at org.testng.Assert.assertEquals(Assert.java:132)
at org.testng.Assert.assertEquals(Assert.java:656)
at com.LibraryManagement.cucumber.stepDefinition.MembershipSteps.verifyFieldReset(MembershipSteps.java:151)
at ✽.Card number field should be reset(file:///C:/Users/manna/git/Sprint-2/Sprint_2/src/test/java/com/LibraryManagement/cucumber/features/MemberShip.feature:88)
]]>
    </failure>
  </testcase> <!-- runScenario -->
  <testcase classname="com.LibraryManagement.cucumber.Runner.RunnerTest" name="runScenario" time="15.801"/>
  <testcase classname="com.LibraryManagement.cucumber.Runner.RunnerTest" name="runScenario" time="10.543">
    <failure message="expected [true] but found [false]" type="java.lang.AssertionError">
      <![CDATA[java.lang.AssertionError: expected [true] but found [false]
at org.testng.Assert.fail(Assert.java:111)
at org.testng.Assert.failNotEquals(Assert.java:1578)
at org.testng.Assert.assertTrue(Assert.java:57)
at org.testng.Assert.assertTrue(Assert.java:67)
at com.LibraryManagement.cucumber.stepDefinition.AdvancedBookSearchSteps.i_should_see_books_by_age_group(AdvancedBookSearchSteps.java:111)
at ✽.I should see a table containing details of all the available books of the selected age group(file:///C:/Users/manna/git/Sprint-2/Sprint_2/src/test/java/com/LibraryManagement/cucumber/features/AdvancedBookSearch.feature:70)
]]>
    </failure>
  </testcase> <!-- runScenario -->
  <testcase classname="com.LibraryManagement.cucumber.Runner.RunnerTest" name="runScenario" time="7.273"/>
  <testcase classname="com.LibraryManagement.cucumber.Runner.RunnerTest" name="runScenario" time="63.425"/>
  <testcase classname="com.LibraryManagement.cucumber.Runner.RunnerTest" name="runScenario" time="38.704"/>
  <testcase classname="com.LibraryManagement.cucumber.Runner.RunnerTest" name="runScenario" time="9.994">
    <failure message="=====Test failed: No new elements appeared after form submission.=====" type="java.lang.AssertionError">
      <![CDATA[java.lang.AssertionError: =====Test failed: No new elements appeared after form submission.=====
at com.LibraryManagement.cucumber.stepDefinition.AdvancedBookSearchSteps.i_should_see_no_results_error(AdvancedBookSearchSteps.java:90)
at ✽.I should see an appropriate error message indicating no results found(file:///C:/Users/manna/git/Sprint-2/Sprint_2/src/test/java/com/LibraryManagement/cucumber/features/AdvancedBookSearch.feature:42)
]]>
    </failure>
  </testcase> <!-- runScenario -->
  <testcase classname="com.LibraryManagement.cucumber.Runner.RunnerTest" name="runScenario" time="8.652"/>
  <testcase classname="com.LibraryManagement.cucumber.Runner.RunnerTest" name="runScenario" time="8.850"/>
  <testcase classname="com.LibraryManagement.cucumber.Runner.RunnerTest" name="runScenario" time="4.276"/>
</testsuite> <!-- com.LibraryManagement.cucumber.Runner.RunnerTest -->
