<?xml version="1.0" encoding="UTF-8"?>
<!-- Generated by org.testng.reporters.JUnitReportReporter -->
<testsuite hostname="SHREETAMA" failures="2" tests="8" name="com.LibraryManagement.cucumber.Runner.RunnerTest" time="69.752" errors="0" timestamp="2025-08-03T10:54:38 IST" skipped="0">
  <testcase classname="com.LibraryManagement.cucumber.Runner.RunnerTest" name="runScenario" time="9.502"/>
  <testcase classname="com.LibraryManagement.cucumber.Runner.RunnerTest" name="runScenario" time="7.781"/>
  <testcase classname="com.LibraryManagement.cucumber.Runner.RunnerTest" name="runScenario" time="6.633"/>
  <testcase classname="com.LibraryManagement.cucumber.Runner.RunnerTest" name="runScenario" time="6.474"/>
  <testcase classname="com.LibraryManagement.cucumber.Runner.RunnerTest" name="runScenario" time="7.298"/>
  <testcase classname="com.LibraryManagement.cucumber.Runner.RunnerTest" name="runScenario" time="14.570">
    <failure message="Card number field is not reset after submission expected [] but found [LCN_004]" type="java.lang.AssertionError">
      <![CDATA[java.lang.AssertionError: Card number field is not reset after submission expected [] but found [LCN_004]
at org.testng.Assert.fail(Assert.java:111)
at org.testng.Assert.failNotEquals(Assert.java:1578)
at org.testng.Assert.assertEqualsImpl(Assert.java:150)
at org.testng.Assert.assertEquals(Assert.java:132)
at org.testng.Assert.assertEquals(Assert.java:656)
at com.LibraryManagement.cucumber.stepDefinition.MembershipSteps.submitMembershipEntries(MembershipSteps.java:225)
at ✽.I submit the following membership entries:(file:///D:/New_Script/Sprint-2/Sprint_2/src/test/java/com/LibraryManagement/cucumber/features/MemberShip.feature:48)
]]>
    </failure>
  </testcase> <!-- runScenario -->
  <testcase classname="com.LibraryManagement.cucumber.Runner.RunnerTest" name="runScenario" time="6.371"/>
  <testcase classname="com.LibraryManagement.cucumber.Runner.RunnerTest" name="runScenario" time="11.123">
    <failure message="Duplicate card number [LCN_005] was accepted more than once expected [true] but found [false]" type="java.lang.AssertionError">
      <![CDATA[java.lang.AssertionError: Duplicate card number [LCN_005] was accepted more than once expected [true] but found [false]
at org.testng.Assert.fail(Assert.java:111)
at org.testng.Assert.failNotEquals(Assert.java:1578)
at org.testng.Assert.assertTrue(Assert.java:57)
at com.LibraryManagement.cucumber.stepDefinition.MembershipSteps.submitMembershipEntries(MembershipSteps.java:235)
at ✽.I submit the following membership entries:(file:///D:/New_Script/Sprint-2/Sprint_2/src/test/java/com/LibraryManagement/cucumber/features/MemberShip.feature:60)
]]>
    </failure>
  </testcase> <!-- runScenario -->
</testsuite> <!-- com.LibraryManagement.cucumber.Runner.RunnerTest -->
