<?xml version="1.0" encoding="UTF-8"?>
<!-- Generated by org.testng.reporters.JUnitReportReporter -->
<testsuite hostname="MSI" failures="3" tests="10" name="com.LibraryManagement.cucumber.Runner.RunnerTest" time="103.726" errors="0" timestamp="2025-07-28T10:46:00 IST" skipped="0">
  <testcase classname="com.LibraryManagement.cucumber.Runner.RunnerTest" name="runScenario" time="10.278"/>
  <testcase classname="com.LibraryManagement.cucumber.Runner.RunnerTest" name="runScenario" time="10.184"/>
  <testcase classname="com.LibraryManagement.cucumber.Runner.RunnerTest" name="runScenario" time="12.014"/>
  <testcase classname="com.LibraryManagement.cucumber.Runner.RunnerTest" name="runScenario" time="7.005"/>
  <testcase classname="com.LibraryManagement.cucumber.Runner.RunnerTest" name="runScenario" time="10.260"/>
  <testcase classname="com.LibraryManagement.cucumber.Runner.RunnerTest" name="runScenario" time="10.149">
    <failure message="expected:&lt;[Invalid email message not displayed]&gt; but was:&lt;[Mail Sent Successfully]&gt;" type="org.junit.ComparisonFailure">
      <![CDATA[org.junit.ComparisonFailure: expected:<[Invalid email message not displayed]> but was:<[Mail Sent Successfully]>
at org.junit.Assert.assertEquals(Assert.java:117)
at org.junit.Assert.assertEquals(Assert.java:146)
at com.LibraryManagement.cucumber.stepDefinition.ServiceSteps.verifyInvalidEmailMessage(ServiceSteps.java:79)
at ✽.I should see an error message for invalid email(file:///C:/Users/manna/git/Sprint-2/Sprint_2/src/test/java/com/LibraryManagement/cucumber/features/servicePage.feature:31)
]]>
    </failure>
  </testcase> <!-- runScenario -->
  <testcase classname="com.LibraryManagement.cucumber.Runner.RunnerTest" name="runScenario" time="10.965">
    <failure message="expected:&lt;[Invalid phone message not displayed]&gt; but was:&lt;[Message Sent Successfully]&gt;" type="org.junit.ComparisonFailure">
      <![CDATA[org.junit.ComparisonFailure: expected:<[Invalid phone message not displayed]> but was:<[Message Sent Successfully]>
at org.junit.Assert.assertEquals(Assert.java:117)
at org.junit.Assert.assertEquals(Assert.java:146)
at com.LibraryManagement.cucumber.stepDefinition.ServiceSteps.verifyInvalidPhoneMessage(ServiceSteps.java:94)
at ✽.I should see an error message for invalid phone(file:///C:/Users/manna/git/Sprint-2/Sprint_2/src/test/java/com/LibraryManagement/cucumber/features/servicePage.feature:60)
]]>
    </failure>
  </testcase> <!-- runScenario -->
  <testcase classname="com.LibraryManagement.cucumber.Runner.RunnerTest" name="runScenario" time="10.868">
    <failure message="expected:&lt;[Invalid name message not displayed]&gt; but was:&lt;[Message Sent Successfully]&gt;" type="org.junit.ComparisonFailure">
      <![CDATA[org.junit.ComparisonFailure: expected:<[Invalid name message not displayed]> but was:<[Message Sent Successfully]>
at org.junit.Assert.assertEquals(Assert.java:117)
at org.junit.Assert.assertEquals(Assert.java:146)
at com.LibraryManagement.cucumber.stepDefinition.ServiceSteps.verifyInvalidNameMessage(ServiceSteps.java:109)
at ✽.I should see an error message for invalid name(file:///C:/Users/manna/git/Sprint-2/Sprint_2/src/test/java/com/LibraryManagement/cucumber/features/servicePage.feature:90)
]]>
    </failure>
  </testcase> <!-- runScenario -->
  <testcase classname="com.LibraryManagement.cucumber.Runner.RunnerTest" name="runScenario" time="10.882"/>
  <testcase classname="com.LibraryManagement.cucumber.Runner.RunnerTest" name="runScenario" time="11.121"/>
</testsuite> <!-- com.LibraryManagement.cucumber.Runner.RunnerTest -->
