<?xml version="1.0" encoding="UTF-8"?>
<!-- Generated by org.testng.reporters.JUnitReportReporter -->
<testsuite hostname="LAPTOP-VEFN1N50" failures="5" tests="8" name="com.LibraryManagement.cucumber.Runner.RunnerTest" time="80.724" errors="0" timestamp="2025-07-29T15:55:01 IST" skipped="0">
  <testcase classname="com.LibraryManagement.cucumber.Runner.RunnerTest" name="runScenario" time="7.131"/>
  <testcase classname="com.LibraryManagement.cucumber.Runner.RunnerTest" name="runScenario" time="11.185">
    <failure message="expected [true] but found [false]" type="java.lang.AssertionError">
      <![CDATA[java.lang.AssertionError: expected [true] but found [false]
at org.testng.Assert.fail(Assert.java:111)
at org.testng.Assert.failNotEquals(Assert.java:1578)
at org.testng.Assert.assertTrue(Assert.java:57)
at org.testng.Assert.assertTrue(Assert.java:67)
at com.LibraryManagement.cucumber.stepDefinition.AdvancedBookSearchSteps.i_should_see_books_by_format(AdvancedBookSearchSteps.java:106)
at ✽.I should see a table containing details of all the available books of the selected book format(file:///C:/Users/Esha/git/Sprint-2/Sprint_2/src/test/java/com/LibraryManagement/cucumber/features/AdvancedBookSearch.feature:63)
]]>
    </failure>
  </testcase> <!-- runScenario -->
  <testcase classname="com.LibraryManagement.cucumber.Runner.RunnerTest" name="runScenario" time="5.934"/>
  <testcase classname="com.LibraryManagement.cucumber.Runner.RunnerTest" name="runScenario" time="7.358"/>
  <testcase classname="com.LibraryManagement.cucumber.Runner.RunnerTest" name="runScenario" time="14.178">
    <failure message="=====Test failed: No new elements appeared after form submission.=====" type="java.lang.AssertionError">
      <![CDATA[java.lang.AssertionError: =====Test failed: No new elements appeared after form submission.=====
at com.LibraryManagement.cucumber.stepDefinition.AdvancedBookSearchSteps.i_should_see_no_results_error(AdvancedBookSearchSteps.java:90)
at ✽.I should see an appropriate error message indicating no results found(file:///C:/Users/Esha/git/Sprint-2/Sprint_2/src/test/java/com/LibraryManagement/cucumber/features/AdvancedBookSearch.feature:42)
]]>
    </failure>
  </testcase> <!-- runScenario -->
  <testcase classname="com.LibraryManagement.cucumber.Runner.RunnerTest" name="runScenario" time="12.060">
    <failure message="expected [true] but found [false]" type="java.lang.AssertionError">
      <![CDATA[java.lang.AssertionError: expected [true] but found [false]
at org.testng.Assert.fail(Assert.java:111)
at org.testng.Assert.failNotEquals(Assert.java:1578)
at org.testng.Assert.assertTrue(Assert.java:57)
at org.testng.Assert.assertTrue(Assert.java:67)
at com.LibraryManagement.cucumber.stepDefinition.AdvancedBookSearchSteps.i_should_see_books_by_age_group(AdvancedBookSearchSteps.java:111)
at ✽.I should see a table containing details of all the available books of the selected age group(file:///C:/Users/Esha/git/Sprint-2/Sprint_2/src/test/java/com/LibraryManagement/cucumber/features/AdvancedBookSearch.feature:70)
]]>
    </failure>
  </testcase> <!-- runScenario -->
  <testcase classname="com.LibraryManagement.cucumber.Runner.RunnerTest" name="runScenario" time="11.661">
    <failure message="expected [true] but found [false]" type="java.lang.AssertionError">
      <![CDATA[java.lang.AssertionError: expected [true] but found [false]
at org.testng.Assert.fail(Assert.java:111)
at org.testng.Assert.failNotEquals(Assert.java:1578)
at org.testng.Assert.assertTrue(Assert.java:57)
at org.testng.Assert.assertTrue(Assert.java:67)
at com.LibraryManagement.cucumber.stepDefinition.AdvancedBookSearchSteps.i_should_see_books_by_author(AdvancedBookSearchSteps.java:96)
at ✽.I should see a table containing details of all the available books by the selected author(file:///C:/Users/Esha/git/Sprint-2/Sprint_2/src/test/java/com/LibraryManagement/cucumber/features/AdvancedBookSearch.feature:49)
]]>
    </failure>
  </testcase> <!-- runScenario -->
  <testcase classname="com.LibraryManagement.cucumber.Runner.RunnerTest" name="runScenario" time="11.217">
    <failure message="expected [true] but found [false]" type="java.lang.AssertionError">
      <![CDATA[java.lang.AssertionError: expected [true] but found [false]
at org.testng.Assert.fail(Assert.java:111)
at org.testng.Assert.failNotEquals(Assert.java:1578)
at org.testng.Assert.assertTrue(Assert.java:57)
at org.testng.Assert.assertTrue(Assert.java:67)
at com.LibraryManagement.cucumber.stepDefinition.AdvancedBookSearchSteps.i_should_see_books_by_subject(AdvancedBookSearchSteps.java:101)
at ✽.I should see a table containing details of all the available books of the selected subject(file:///C:/Users/Esha/git/Sprint-2/Sprint_2/src/test/java/com/LibraryManagement/cucumber/features/AdvancedBookSearch.feature:56)
]]>
    </failure>
  </testcase> <!-- runScenario -->
</testsuite> <!-- com.LibraryManagement.cucumber.Runner.RunnerTest -->
